<?xml version="1.0" encoding="UTF-8"?>
<!-- Generated by org.testng.reporters.JUnitReportReporter -->
<testsuite hostname="LTIN258056" failures="0" tests="1" name="com.tests.Tests" time="87.771" errors="0" timestamp="2023-06-16T17:37:57 IST" skipped="0">
  <testcase classname="com.tests.Tests" name="test" time="87.771"/>
  <system-out/>
</testsuite> <!-- com.tests.Tests -->
